This file contains any messages produced by compilers while
running configure, to aid debugging if configure makes a mistake.

It was created by sqlite configure 3.5.9, which was
generated by GNU Autoconf 2.61.  Invocation command line was

  $ ./configure --disable-option-checking --prefix=/usr/local --enable-threads --enable-localjpeg --enable-localpng --enable-localzlib --cache-file=/dev/null --srcdir=.

## --------- ##
## Platform. ##
## --------- ##

hostname = silentoutrage
uname -m = i686
uname -r = 2.6.24-16-386
uname -s = Linux
uname -v = #1 Thu Apr 10 12:50:06 UTC 2008

/usr/bin/uname -p = unknown
/bin/uname -X     = unknown

/bin/arch              = unknown
/usr/bin/arch -k       = unknown
/usr/convex/getsysinfo = unknown
/usr/bin/hostinfo      = unknown
/bin/machine           = unknown
/usr/bin/oslevel       = unknown
/bin/universe          = unknown

PATH: /usr/local/sbin
PATH: /usr/local/bin
PATH: /usr/sbin
PATH: /usr/bin
PATH: /sbin
PATH: /bin
PATH: /usr/bin/X11
PATH: /usr/games


## ----------- ##
## Core tests. ##
## ----------- ##

configure:1988: checking for a BSD-compatible install
configure:2044: result: /usr/bin/install -c
configure:2055: checking whether build environment is sane
configure:2098: result: yes
configure:2163: checking for gawk
configure:2193: result: no
configure:2163: checking for mawk
configure:2179: found /usr/bin/mawk
configure:2190: result: mawk
configure:2201: checking whether make sets $(MAKE)
configure:2222: result: yes
configure:2419: checking for style of include used by make
configure:2447: result: GNU
configure:2520: checking for gcc
configure:2536: found /usr/bin/gcc
configure:2547: result: gcc
configure:2785: checking for C compiler version
configure:2792: gcc --version >&5
gcc (Ubuntu 4.3.3-5ubuntu4) 4.3.3
Copyright (C) 2008 Free Software Foundation, Inc.
This is free software; see the source for copying conditions.  There is NO
warranty; not even for MERCHANTABILITY or FITNESS FOR A PARTICULAR PURPOSE.

configure:2795: $? = 0
configure:2802: gcc -v >&5
Using built-in specs.
Target: i486-linux-gnu
Configured with: ../src/configure -v --with-pkgversion='Ubuntu 4.3.3-5ubuntu4' --with-bugurl=file:///usr/share/doc/gcc-4.3/README.Bugs --enable-languages=c,c++,fortran,objc,obj-c++ --prefix=/usr --enable-shared --with-system-zlib --libexecdir=/usr/lib --without-included-gettext --enable-threads=posix --enable-nls --with-gxx-include-dir=/usr/include/c++/4.3 --program-suffix=-4.3 --enable-clocale=gnu --enable-libstdcxx-debug --enable-objc-gc --enable-mpfr --enable-targets=all --with-tune=generic --enable-checking=release --build=i486-linux-gnu --host=i486-linux-gnu --target=i486-linux-gnu
Thread model: posix
gcc version 4.3.3 (Ubuntu 4.3.3-5ubuntu4) 
configure:2805: $? = 0
configure:2812: gcc -V >&5
gcc: '-V' option must have argument
configure:2815: $? = 1
configure:2838: checking for C compiler default output file name
configure:2865: gcc    conftest.c  >&5
configure:2868: $? = 0
configure:2906: result: a.out
configure:2923: checking whether the C compiler works
configure:2933: ./a.out
configure:2936: $? = 0
configure:2953: result: yes
configure:2960: checking whether we are cross compiling
configure:2962: result: no
configure:2965: checking for suffix of executables
configure:2972: gcc -o conftest    conftest.c  >&5
configure:2975: $? = 0
configure:2999: result: 
configure:3005: checking for suffix of object files
configure:3031: gcc -c   conftest.c >&5
configure:3034: $? = 0
configure:3057: result: o
configure:3061: checking whether we are using the GNU C compiler
configure:3090: gcc -c   conftest.c >&5
configure:3096: $? = 0
configure:3113: result: yes
configure:3118: checking whether gcc accepts -g
configure:3148: gcc -c -g  conftest.c >&5
configure:3154: $? = 0
configure:3253: result: yes
configure:3270: checking for gcc option to accept ISO C89
configure:3344: gcc  -c -g -O2  conftest.c >&5
configure:3350: $? = 0
configure:3373: result: none needed
configure:3393: checking dependency style of gcc
configure:3483: result: gcc3
configure:3508: checking for special C compiler options needed for large files
configure:3601: result: no
configure:3607: checking for _FILE_OFFSET_BITS value needed for large files
configure:3642: gcc -c -g -O2  conftest.c >&5
conftest.c:16: warning: left shift count >= width of type
conftest.c:16: warning: left shift count >= width of type
conftest.c:18: error: size of array 'off_t_is_large' is negative
configure:3648: $? = 1
configure: failed program was:
| /* confdefs.h.  */
| #define PACKAGE_NAME "sqlite"
| #define PACKAGE_TARNAME "sqlite"
| #define PACKAGE_VERSION "3.5.9"
| #define PACKAGE_STRING "sqlite 3.5.9"
| #define PACKAGE_BUGREPORT "http://www.sqlite.org"
| #define PACKAGE "sqlite"
| #define VERSION "3.5.9"
| /* end confdefs.h.  */
| #include <sys/types.h>
|  /* Check that off_t can represent 2**63 - 1 correctly.
|     We can't simply define LARGE_OFF_T to be 9223372036854775807,
|     since some C++ compilers masquerading as C compilers
|     incorrectly reject 9223372036854775807.  */
| #define LARGE_OFF_T (((off_t) 1 << 62) - 1 + ((off_t) 1 << 62))
|   int off_t_is_large[(LARGE_OFF_T % 2147483629 == 721
| 		       && LARGE_OFF_T % 2147483647 == 1)
| 		      ? 1 : -1];
| int
| main ()
| {
| 
|   ;
|   return 0;
| }
configure:3692: gcc -c -g -O2  conftest.c >&5
configure:3698: $? = 0
configure:3716: result: 64
configure:3901: checking for gcc
configure:3928: result: gcc
configure:4166: checking for C compiler version
configure:4173: gcc --version >&5
gcc (Ubuntu 4.3.3-5ubuntu4) 4.3.3
Copyright (C) 2008 Free Software Foundation, Inc.
This is free software; see the source for copying conditions.  There is NO
warranty; not even for MERCHANTABILITY or FITNESS FOR A PARTICULAR PURPOSE.

configure:4176: $? = 0
configure:4183: gcc -v >&5
Using built-in specs.
Target: i486-linux-gnu
Configured with: ../src/configure -v --with-pkgversion='Ubuntu 4.3.3-5ubuntu4' --with-bugurl=file:///usr/share/doc/gcc-4.3/README.Bugs --enable-languages=c,c++,fortran,objc,obj-c++ --prefix=/usr --enable-shared --with-system-zlib --libexecdir=/usr/lib --without-included-gettext --enable-threads=posix --enable-nls --with-gxx-include-dir=/usr/include/c++/4.3 --program-suffix=-4.3 --enable-clocale=gnu --enable-libstdcxx-debug --enable-objc-gc --enable-mpfr --enable-targets=all --with-tune=generic --enable-checking=release --build=i486-linux-gnu --host=i486-linux-gnu --target=i486-linux-gnu
Thread model: posix
gcc version 4.3.3 (Ubuntu 4.3.3-5ubuntu4) 
configure:4186: $? = 0
configure:4193: gcc -V >&5
gcc: '-V' option must have argument
configure:4196: $? = 1
configure:4199: checking whether we are using the GNU C compiler
configure:4251: result: yes
configure:4256: checking whether gcc accepts -g
configure:4391: result: yes
configure:4408: checking for gcc option to accept ISO C89
configure:4511: result: none needed
configure:4531: checking dependency style of gcc
configure:4621: result: gcc3
configure:4681: checking for ranlib
configure:4697: found /usr/bin/ranlib
configure:4708: result: ranlib
configure:4812: checking build system type
configure:4830: result: i686-pc-linux-gnu
configure:4852: checking host system type
configure:4867: result: i686-pc-linux-gnu
configure:4889: checking for a sed that does not truncate output
configure:4945: result: /bin/sed
configure:4948: checking for grep that handles long lines and -e
configure:5022: result: /bin/grep
configure:5027: checking for egrep
configure:5105: result: /bin/grep -E
configure:5121: checking for ld used by gcc
configure:5188: result: /usr/bin/ld
configure:5197: checking if the linker (/usr/bin/ld) is GNU ld
configure:5212: result: yes
configure:5217: checking for /usr/bin/ld option to reload object files
configure:5224: result: -r
configure:5242: checking for BSD-compatible nm
configure:5291: result: /usr/bin/nm -B
configure:5295: checking whether ln -s works
configure:5299: result: yes
configure:5306: checking how to recognize dependent libraries
configure:5492: result: pass_all
configure:5732: checking how to run the C preprocessor
configure:5772: gcc -E  conftest.c
configure:5778: $? = 0
configure:5809: gcc -E  conftest.c
conftest.c:11:28: error: ac_nonexistent.h: No such file or directory
configure:5815: $? = 1
configure: failed program was:
| /* confdefs.h.  */
| #define PACKAGE_NAME "sqlite"
| #define PACKAGE_TARNAME "sqlite"
| #define PACKAGE_VERSION "3.5.9"
| #define PACKAGE_STRING "sqlite 3.5.9"
| #define PACKAGE_BUGREPORT "http://www.sqlite.org"
| #define PACKAGE "sqlite"
| #define VERSION "3.5.9"
| #define _FILE_OFFSET_BITS 64
| /* end confdefs.h.  */
| #include <ac_nonexistent.h>
configure:5848: result: gcc -E
configure:5877: gcc -E  conftest.c
configure:5883: $? = 0
configure:5914: gcc -E  conftest.c
conftest.c:11:28: error: ac_nonexistent.h: No such file or directory
configure:5920: $? = 1
configure: failed program was:
| /* confdefs.h.  */
| #define PACKAGE_NAME "sqlite"
| #define PACKAGE_TARNAME "sqlite"
| #define PACKAGE_VERSION "3.5.9"
| #define PACKAGE_STRING "sqlite 3.5.9"
| #define PACKAGE_BUGREPORT "http://www.sqlite.org"
| #define PACKAGE "sqlite"
| #define VERSION "3.5.9"
| #define _FILE_OFFSET_BITS 64
| /* end confdefs.h.  */
| #include <ac_nonexistent.h>
configure:5958: checking for ANSI C header files
configure:5988: gcc -c -g -O2  conftest.c >&5
configure:5994: $? = 0
configure:6093: gcc -o conftest -g -O2   conftest.c  >&5
configure:6096: $? = 0
configure:6102: ./conftest
configure:6105: $? = 0
configure:6122: result: yes
configure:6146: checking for sys/types.h
configure:6167: gcc -c -g -O2  conftest.c >&5
configure:6173: $? = 0
configure:6189: result: yes
configure:6146: checking for sys/stat.h
configure:6167: gcc -c -g -O2  conftest.c >&5
configure:6173: $? = 0
configure:6189: result: yes
configure:6146: checking for stdlib.h
configure:6167: gcc -c -g -O2  conftest.c >&5
configure:6173: $? = 0
configure:6189: result: yes
configure:6146: checking for string.h
configure:6167: gcc -c -g -O2  conftest.c >&5
configure:6173: $? = 0
configure:6189: result: yes
configure:6146: checking for memory.h
configure:6167: gcc -c -g -O2  conftest.c >&5
configure:6173: $? = 0
configure:6189: result: yes
configure:6146: checking for strings.h
configure:6167: gcc -c -g -O2  conftest.c >&5
configure:6173: $? = 0
configure:6189: result: yes
configure:6146: checking for inttypes.h
configure:6167: gcc -c -g -O2  conftest.c >&5
configure:6173: $? = 0
configure:6189: result: yes
configure:6146: checking for stdint.h
configure:6167: gcc -c -g -O2  conftest.c >&5
configure:6173: $? = 0
configure:6189: result: yes
configure:6146: checking for unistd.h
configure:6167: gcc -c -g -O2  conftest.c >&5
configure:6173: $? = 0
configure:6189: result: yes
configure:6216: checking dlfcn.h usability
configure:6233: gcc -c -g -O2  conftest.c >&5
configure:6239: $? = 0
configure:6253: result: yes
configure:6257: checking dlfcn.h presence
configure:6272: gcc -E  conftest.c
configure:6278: $? = 0
configure:6292: result: yes
configure:6325: checking for dlfcn.h
configure:6333: result: yes
configure:6404: checking for g++
configure:6420: found /usr/bin/g++
configure:6431: result: g++
configure:6462: checking for C++ compiler version
configure:6469: g++ --version >&5
g++ (Ubuntu 4.3.3-5ubuntu4) 4.3.3
Copyright (C) 2008 Free Software Foundation, Inc.
This is free software; see the source for copying conditions.  There is NO
warranty; not even for MERCHANTABILITY or FITNESS FOR A PARTICULAR PURPOSE.

configure:6472: $? = 0
configure:6479: g++ -v >&5
Using built-in specs.
Target: i486-linux-gnu
Configured with: ../src/configure -v --with-pkgversion='Ubuntu 4.3.3-5ubuntu4' --with-bugurl=file:///usr/share/doc/gcc-4.3/README.Bugs --enable-languages=c,c++,fortran,objc,obj-c++ --prefix=/usr --enable-shared --with-system-zlib --libexecdir=/usr/lib --without-included-gettext --enable-threads=posix --enable-nls --with-gxx-include-dir=/usr/include/c++/4.3 --program-suffix=-4.3 --enable-clocale=gnu --enable-libstdcxx-debug --enable-objc-gc --enable-mpfr --enable-targets=all --with-tune=generic --enable-checking=release --build=i486-linux-gnu --host=i486-linux-gnu --target=i486-linux-gnu
Thread model: posix
gcc version 4.3.3 (Ubuntu 4.3.3-5ubuntu4) 
configure:6482: $? = 0
configure:6489: g++ -V >&5
g++: '-V' option must have argument
configure:6492: $? = 1
configure:6495: checking whether we are using the GNU C++ compiler
configure:6524: g++ -c   conftest.cpp >&5
configure:6530: $? = 0
configure:6547: result: yes
configure:6552: checking whether g++ accepts -g
configure:6582: g++ -c -g  conftest.cpp >&5
configure:6588: $? = 0
configure:6687: result: yes
configure:6712: checking dependency style of g++
configure:6802: result: gcc3
configure:6829: checking how to run the C++ preprocessor
configure:6865: g++ -E  conftest.cpp
configure:6871: $? = 0
configure:6902: g++ -E  conftest.cpp
conftest.cpp:22:28: error: ac_nonexistent.h: No such file or directory
configure:6908: $? = 1
configure: failed program was:
| /* confdefs.h.  */
| #define PACKAGE_NAME "sqlite"
| #define PACKAGE_TARNAME "sqlite"
| #define PACKAGE_VERSION "3.5.9"
| #define PACKAGE_STRING "sqlite 3.5.9"
| #define PACKAGE_BUGREPORT "http://www.sqlite.org"
| #define PACKAGE "sqlite"
| #define VERSION "3.5.9"
| #define _FILE_OFFSET_BITS 64
| #define STDC_HEADERS 1
| #define HAVE_SYS_TYPES_H 1
| #define HAVE_SYS_STAT_H 1
| #define HAVE_STDLIB_H 1
| #define HAVE_STRING_H 1
| #define HAVE_MEMORY_H 1
| #define HAVE_STRINGS_H 1
| #define HAVE_INTTYPES_H 1
| #define HAVE_STDINT_H 1
| #define HAVE_UNISTD_H 1
| #define HAVE_DLFCN_H 1
| /* end confdefs.h.  */
| #include <ac_nonexistent.h>
configure:6941: result: g++ -E
configure:6970: g++ -E  conftest.cpp
configure:6976: $? = 0
configure:7007: g++ -E  conftest.cpp
conftest.cpp:22:28: error: ac_nonexistent.h: No such file or directory
configure:7013: $? = 1
configure: failed program was:
| /* confdefs.h.  */
| #define PACKAGE_NAME "sqlite"
| #define PACKAGE_TARNAME "sqlite"
| #define PACKAGE_VERSION "3.5.9"
| #define PACKAGE_STRING "sqlite 3.5.9"
| #define PACKAGE_BUGREPORT "http://www.sqlite.org"
| #define PACKAGE "sqlite"
| #define VERSION "3.5.9"
| #define _FILE_OFFSET_BITS 64
| #define STDC_HEADERS 1
| #define HAVE_SYS_TYPES_H 1
| #define HAVE_SYS_STAT_H 1
| #define HAVE_STDLIB_H 1
| #define HAVE_STRING_H 1
| #define HAVE_MEMORY_H 1
| #define HAVE_STRINGS_H 1
| #define HAVE_INTTYPES_H 1
| #define HAVE_STDINT_H 1
| #define HAVE_UNISTD_H 1
| #define HAVE_DLFCN_H 1
| /* end confdefs.h.  */
| #include <ac_nonexistent.h>
configure:7106: checking for g77
configure:7136: result: no
configure:7106: checking for xlf
configure:7136: result: no
configure:7106: checking for f77
configure:7136: result: no
configure:7106: checking for frt
configure:7136: result: no
configure:7106: checking for pgf77
configure:7136: result: no
configure:7106: checking for cf77
configure:7136: result: no
configure:7106: checking for fort77
configure:7136: result: no
configure:7106: checking for fl32
configure:7136: result: no
configure:7106: checking for af77
configure:7136: result: no
configure:7106: checking for xlf90
configure:7136: result: no
configure:7106: checking for f90
configure:7136: result: no
configure:7106: checking for pgf90
configure:7136: result: no
configure:7106: checking for pghpf
configure:7136: result: no
configure:7106: checking for epcf90
configure:7136: result: no
configure:7106: checking for gfortran
configure:7136: result: no
configure:7106: checking for g95
configure:7136: result: no
configure:7106: checking for xlf95
configure:7136: result: no
configure:7106: checking for f95
configure:7136: result: no
configure:7106: checking for fort
configure:7136: result: no
configure:7106: checking for ifort
configure:7136: result: no
configure:7106: checking for ifc
configure:7136: result: no
configure:7106: checking for efc
configure:7136: result: no
configure:7106: checking for pgf95
configure:7136: result: no
configure:7106: checking for lf95
configure:7136: result: no
configure:7106: checking for ftn
configure:7136: result: no
configure:7163: checking for Fortran 77 compiler version
configure:7170:  --version >&5
./configure: line 7171: --version: command not found
configure:7173: $? = 127
configure:7180:  -v >&5
./configure: line 7181: -v: command not found
configure:7183: $? = 127
configure:7190:  -V >&5
./configure: line 7191: -V: command not found
configure:7193: $? = 127
configure:7201: checking whether we are using the GNU Fortran 77 compiler
configure:7220:  -c  conftest.F >&5
./configure: line 7221: -c: command not found
configure:7226: $? = 127
configure: failed program was:
|       program main
| #ifndef __GNUC__
|        choke me
| #endif
| 
|       end
configure:7243: result: no
configure:7249: checking whether  accepts -g
configure:7266:  -c -g conftest.f >&5
./configure: line 7267: -c: command not found
configure:7272: $? = 127
configure: failed program was:
|       program main
| 
|       end
configure:7288: result: no
configure:7318: checking the maximum length of command line arguments
configure:7430: result: 1572864
configure:7442: checking command to parse /usr/bin/nm -B output from gcc object
configure:7547: gcc -c -g -O2  conftest.c >&5
configure:7550: $? = 0
configure:7554: /usr/bin/nm -B conftest.o \| sed -n -e 's/^.*[ 	]\([ABCDGIRSTW][ABCDGIRSTW]*\)[ 	][ 	]*\([_A-Za-z][_A-Za-z0-9]*\)$/\1 \2 \2/p' \> conftest.nm
configure:7557: $? = 0
configure:7609: gcc -o conftest -g -O2   conftest.c conftstm.o >&5
configure:7612: $? = 0
configure:7650: result: ok
configure:7654: checking for objdir
configure:7669: result: .libs
configure:7761: checking for ar
configure:7777: found /usr/bin/ar
configure:7788: result: ar
configure:7857: checking for ranlib
configure:7884: result: ranlib
configure:7953: checking for strip
configure:7969: found /usr/bin/strip
configure:7980: result: strip
configure:8266: checking if gcc supports -fno-rtti -fno-exceptions
configure:8284: gcc -c -g -O2  -fno-rtti -fno-exceptions conftest.c >&5
cc1: warning: command line option "-fno-rtti" is valid for C++/ObjC++ but not for C
configure:8288: $? = 0
configure:8301: result: no
configure:8316: checking for gcc option to produce PIC
configure:8548: result: -fPIC
configure:8556: checking if gcc PIC flag -fPIC works
configure:8574: gcc -c -g -O2  -fPIC -DPIC conftest.c >&5
configure:8578: $? = 0
configure:8591: result: yes
configure:8619: checking if gcc static flag -static works
configure:8647: result: yes
configure:8657: checking if gcc supports -c -o file.o
configure:8678: gcc -c -g -O2  -o out/conftest2.o conftest.c >&5
configure:8682: $? = 0
configure:8704: result: yes
configure:8730: checking whether the gcc linker (/usr/bin/ld) supports shared libraries
configure:9710: result: yes
configure:9731: checking whether -lc should be explicitly linked in
configure:9736: gcc -c -g -O2  conftest.c >&5
configure:9739: $? = 0
configure:9754: gcc -shared conftest.o  -v -Wl,-soname -Wl,conftest -o conftest 2\>\&1 \| grep  -lc  \>/dev/null 2\>\&1
configure:9757: $? = 0
configure:9769: result: no
configure:9777: checking dynamic linker characteristics
configure:10379: result: GNU/Linux ld.so
configure:10388: checking how to hardcode library paths into programs
configure:10413: result: immediate
configure:10427: checking whether stripping libraries is possible
configure:10432: result: yes
configure:11234: checking if libtool supports shared libraries
configure:11236: result: yes
configure:11239: checking whether to build shared libraries
configure:11260: result: yes
configure:11263: checking whether to build static libraries
configure:11267: result: yes
configure:11360: creating libtool
configure:11948: checking for ld used by g++
configure:12015: result: /usr/bin/ld
configure:12024: checking if the linker (/usr/bin/ld) is GNU ld
configure:12039: result: yes
configure:12090: checking whether the g++ linker (/usr/bin/ld) supports shared libraries
configure:13064: result: yes
configure:13082: g++ -c -g -O2  conftest.cpp >&5
configure:13085: $? = 0
configure:13237: checking for g++ option to produce PIC
configure:13521: result: -fPIC
configure:13529: checking if g++ PIC flag -fPIC works
configure:13547: g++ -c -g -O2  -fPIC -DPIC conftest.cpp >&5
configure:13551: $? = 0
configure:13564: result: yes
configure:13592: checking if g++ static flag -static works
configure:13620: result: yes
configure:13630: checking if g++ supports -c -o file.o
configure:13651: g++ -c -g -O2  -o out/conftest2.o conftest.cpp >&5
configure:13655: $? = 0
configure:13677: result: yes
configure:13703: checking whether the g++ linker (/usr/bin/ld) supports shared libraries
configure:13728: result: yes
configure:13795: checking dynamic linker characteristics
configure:14345: result: GNU/Linux ld.so
configure:14354: checking how to hardcode library paths into programs
configure:14379: result: immediate
configure:20560: checking for fdatasync
configure:20616: gcc -o conftest -g -O2   conftest.c  >&5
configure:20622: $? = 0
configure:20640: result: yes
configure:20560: checking for usleep
configure:20616: gcc -o conftest -g -O2   conftest.c  >&5
configure:20622: $? = 0
configure:20640: result: yes
configure:20560: checking for fullfsync
configure:20616: gcc -o conftest -g -O2   conftest.c  >&5
/tmp/cccJiR6o.o: In function `main':
/home/vijay/Projects/spark-scheme/libs/sqlite/conftest.c:58: undefined reference to `fullfsync'
collect2: ld returned 1 exit status
configure:20622: $? = 1
configure: failed program was:
| /* confdefs.h.  */
| #define PACKAGE_NAME "sqlite"
| #define PACKAGE_TARNAME "sqlite"
| #define PACKAGE_VERSION "3.5.9"
| #define PACKAGE_STRING "sqlite 3.5.9"
| #define PACKAGE_BUGREPORT "http://www.sqlite.org"
| #define PACKAGE "sqlite"
| #define VERSION "3.5.9"
| #define _FILE_OFFSET_BITS 64
| #define STDC_HEADERS 1
| #define HAVE_SYS_TYPES_H 1
| #define HAVE_SYS_STAT_H 1
| #define HAVE_STDLIB_H 1
| #define HAVE_STRING_H 1
| #define HAVE_MEMORY_H 1
| #define HAVE_STRINGS_H 1
| #define HAVE_INTTYPES_H 1
| #define HAVE_STDINT_H 1
| #define HAVE_UNISTD_H 1
| #define HAVE_DLFCN_H 1
| #define HAVE_FDATASYNC 1
| #define HAVE_USLEEP 1
| /* end confdefs.h.  */
| /* Define fullfsync to an innocuous variant, in case <limits.h> declares fullfsync.
|    For example, HP-UX 11i <limits.h> declares gettimeofday.  */
| #define fullfsync innocuous_fullfsync
| 
| /* System header to define __stub macros and hopefully few prototypes,
|     which can conflict with char fullfsync (); below.
|     Prefer <limits.h> to <assert.h> if __STDC__ is defined, since
|     <limits.h> exists even on freestanding compilers.  */
| 
| #ifdef __STDC__
| # include <limits.h>
| #else
| # include <assert.h>
| #endif
| 
| #undef fullfsync
| 
| /* Override any GCC internal prototype to avoid an error.
|    Use char because int might match the return type of a GCC
|    builtin and then its argument prototype would still apply.  */
| #ifdef __cplusplus
| extern "C"
| #endif
| char fullfsync ();
| /* The GNU C library defines this for functions which it implements
|     to always fail with ENOSYS.  Some functions are actually named
|     something starting with __ and the normal name is an alias.  */
| #if defined __stub_fullfsync || defined __stub___fullfsync
| choke me
| #endif
| 
| int
| main ()
| {
| return fullfsync ();
|   ;
|   return 0;
| }
configure:20640: result: no
configure:20560: checking for localtime_r
configure:20616: gcc -o conftest -g -O2   conftest.c  >&5
configure:20622: $? = 0
configure:20640: result: yes
configure:20560: checking for gmtime_r
configure:20616: gcc -o conftest -g -O2   conftest.c  >&5
configure:20622: $? = 0
configure:20640: result: yes
configure:20667: checking for library containing tgetent
configure:20708: gcc -o conftest -g -O2   conftest.c  >&5
/tmp/ccWH0JlV.o: In function `main':
/home/vijay/Projects/spark-scheme/libs/sqlite/conftest.c:37: undefined reference to `tgetent'
collect2: ld returned 1 exit status
configure:20714: $? = 1
configure: failed program was:
| /* confdefs.h.  */
| #define PACKAGE_NAME "sqlite"
| #define PACKAGE_TARNAME "sqlite"
| #define PACKAGE_VERSION "3.5.9"
| #define PACKAGE_STRING "sqlite 3.5.9"
| #define PACKAGE_BUGREPORT "http://www.sqlite.org"
| #define PACKAGE "sqlite"
| #define VERSION "3.5.9"
| #define _FILE_OFFSET_BITS 64
| #define STDC_HEADERS 1
| #define HAVE_SYS_TYPES_H 1
| #define HAVE_SYS_STAT_H 1
| #define HAVE_STDLIB_H 1
| #define HAVE_STRING_H 1
| #define HAVE_MEMORY_H 1
| #define HAVE_STRINGS_H 1
| #define HAVE_INTTYPES_H 1
| #define HAVE_STDINT_H 1
| #define HAVE_UNISTD_H 1
| #define HAVE_DLFCN_H 1
| #define HAVE_FDATASYNC 1
| #define HAVE_USLEEP 1
| #define HAVE_LOCALTIME_R 1
| #define HAVE_GMTIME_R 1
| /* end confdefs.h.  */
| 
| /* Override any GCC internal prototype to avoid an error.
|    Use char because int might match the return type of a GCC
|    builtin and then its argument prototype would still apply.  */
| #ifdef __cplusplus
| extern "C"
| #endif
| char tgetent ();
| int
| main ()
| {
| return tgetent ();
|   ;
|   return 0;
| }
configure:20708: gcc -o conftest -g -O2   conftest.c -lcurses   >&5
configure:20714: $? = 0
configure:20742: result: -lcurses
configure:20750: checking for library containing readline
configure:20791: gcc -o conftest -g -O2   conftest.c -lcurses  >&5
/tmp/ccqqVLdi.o: In function `main':
/home/vijay/Projects/spark-scheme/libs/sqlite/conftest.c:37: undefined reference to `readline'
collect2: ld returned 1 exit status
configure:20797: $? = 1
configure: failed program was:
| /* confdefs.h.  */
| #define PACKAGE_NAME "sqlite"
| #define PACKAGE_TARNAME "sqlite"
| #define PACKAGE_VERSION "3.5.9"
| #define PACKAGE_STRING "sqlite 3.5.9"
| #define PACKAGE_BUGREPORT "http://www.sqlite.org"
| #define PACKAGE "sqlite"
| #define VERSION "3.5.9"
| #define _FILE_OFFSET_BITS 64
| #define STDC_HEADERS 1
| #define HAVE_SYS_TYPES_H 1
| #define HAVE_SYS_STAT_H 1
| #define HAVE_STDLIB_H 1
| #define HAVE_STRING_H 1
| #define HAVE_MEMORY_H 1
| #define HAVE_STRINGS_H 1
| #define HAVE_INTTYPES_H 1
| #define HAVE_STDINT_H 1
| #define HAVE_UNISTD_H 1
| #define HAVE_DLFCN_H 1
| #define HAVE_FDATASYNC 1
| #define HAVE_USLEEP 1
| #define HAVE_LOCALTIME_R 1
| #define HAVE_GMTIME_R 1
| /* end confdefs.h.  */
| 
| /* Override any GCC internal prototype to avoid an error.
|    Use char because int might match the return type of a GCC
|    builtin and then its argument prototype would still apply.  */
| #ifdef __cplusplus
| extern "C"
| #endif
| char readline ();
| int
| main ()
| {
| return readline ();
|   ;
|   return 0;
| }
configure:20791: gcc -o conftest -g -O2   conftest.c -lreadline  -lcurses  >&5
configure:20797: $? = 0
configure:20825: result: -lreadline
configure:20839: checking for readline
configure:20895: gcc -o conftest -g -O2   conftest.c -lreadline -lcurses  >&5
configure:20901: $? = 0
configure:20919: result: yes
configure:20948: checking for library containing pthread_create
configure:20989: gcc -o conftest -g -O2   conftest.c  >&5
/tmp/cccKWCUw.o: In function `main':
/home/vijay/Projects/spark-scheme/libs/sqlite/conftest.c:38: undefined reference to `pthread_create'
collect2: ld returned 1 exit status
configure:20995: $? = 1
configure: failed program was:
| /* confdefs.h.  */
| #define PACKAGE_NAME "sqlite"
| #define PACKAGE_TARNAME "sqlite"
| #define PACKAGE_VERSION "3.5.9"
| #define PACKAGE_STRING "sqlite 3.5.9"
| #define PACKAGE_BUGREPORT "http://www.sqlite.org"
| #define PACKAGE "sqlite"
| #define VERSION "3.5.9"
| #define _FILE_OFFSET_BITS 64
| #define STDC_HEADERS 1
| #define HAVE_SYS_TYPES_H 1
| #define HAVE_SYS_STAT_H 1
| #define HAVE_STDLIB_H 1
| #define HAVE_STRING_H 1
| #define HAVE_MEMORY_H 1
| #define HAVE_STRINGS_H 1
| #define HAVE_INTTYPES_H 1
| #define HAVE_STDINT_H 1
| #define HAVE_UNISTD_H 1
| #define HAVE_DLFCN_H 1
| #define HAVE_FDATASYNC 1
| #define HAVE_USLEEP 1
| #define HAVE_LOCALTIME_R 1
| #define HAVE_GMTIME_R 1
| #define HAVE_READLINE 1
| /* end confdefs.h.  */
| 
| /* Override any GCC internal prototype to avoid an error.
|    Use char because int might match the return type of a GCC
|    builtin and then its argument prototype would still apply.  */
| #ifdef __cplusplus
| extern "C"
| #endif
| char pthread_create ();
| int
| main ()
| {
| return pthread_create ();
|   ;
|   return 0;
| }
configure:20989: gcc -o conftest -g -O2   conftest.c -lpthread   >&5
configure:20995: $? = 0
configure:21023: result: -lpthread
configure:21046: checking for library containing dlopen
configure:21087: gcc -o conftest -g -O2   conftest.c -lpthread  >&5
/tmp/ccc7G9QT.o: In function `main':
/home/vijay/Projects/spark-scheme/libs/sqlite/conftest.c:38: undefined reference to `dlopen'
collect2: ld returned 1 exit status
configure:21093: $? = 1
configure: failed program was:
| /* confdefs.h.  */
| #define PACKAGE_NAME "sqlite"
| #define PACKAGE_TARNAME "sqlite"
| #define PACKAGE_VERSION "3.5.9"
| #define PACKAGE_STRING "sqlite 3.5.9"
| #define PACKAGE_BUGREPORT "http://www.sqlite.org"
| #define PACKAGE "sqlite"
| #define VERSION "3.5.9"
| #define _FILE_OFFSET_BITS 64
| #define STDC_HEADERS 1
| #define HAVE_SYS_TYPES_H 1
| #define HAVE_SYS_STAT_H 1
| #define HAVE_STDLIB_H 1
| #define HAVE_STRING_H 1
| #define HAVE_MEMORY_H 1
| #define HAVE_STRINGS_H 1
| #define HAVE_INTTYPES_H 1
| #define HAVE_STDINT_H 1
| #define HAVE_UNISTD_H 1
| #define HAVE_DLFCN_H 1
| #define HAVE_FDATASYNC 1
| #define HAVE_USLEEP 1
| #define HAVE_LOCALTIME_R 1
| #define HAVE_GMTIME_R 1
| #define HAVE_READLINE 1
| /* end confdefs.h.  */
| 
| /* Override any GCC internal prototype to avoid an error.
|    Use char because int might match the return type of a GCC
|    builtin and then its argument prototype would still apply.  */
| #ifdef __cplusplus
| extern "C"
| #endif
| char dlopen ();
| int
| main ()
| {
| return dlopen ();
|   ;
|   return 0;
| }
configure:21087: gcc -o conftest -g -O2   conftest.c -ldl  -lpthread  >&5
configure:21093: $? = 0
configure:21121: result: -ldl
configure:21132: checking for whether to support dynamic extensions
configure:21134: result: yes
configure:21322: creating ./config.status

## ---------------------- ##
## Running config.status. ##
## ---------------------- ##

This file was extended by sqlite config.status 3.5.9, which was
generated by GNU Autoconf 2.61.  Invocation command line was

  CONFIG_FILES    = 
  CONFIG_HEADERS  = 
  CONFIG_LINKS    = 
  CONFIG_COMMANDS = 
  $ ./config.status 

on silentoutrage

config.status:646: creating Makefile
config.status:831: executing depfiles commands

## ---------------- ##
## Cache variables. ##
## ---------------- ##

ac_cv_build=i686-pc-linux-gnu
ac_cv_c_compiler_gnu=yes
ac_cv_cxx_compiler_gnu=yes
ac_cv_env_CCC_set=
ac_cv_env_CCC_value=
ac_cv_env_CC_set=
ac_cv_env_CC_value=
ac_cv_env_CFLAGS_set=
ac_cv_env_CFLAGS_value=
ac_cv_env_CPPFLAGS_set=
ac_cv_env_CPPFLAGS_value=
ac_cv_env_CPP_set=
ac_cv_env_CPP_value=
ac_cv_env_CXXCPP_set=
ac_cv_env_CXXCPP_value=
ac_cv_env_CXXFLAGS_set=
ac_cv_env_CXXFLAGS_value=
ac_cv_env_CXX_set=
ac_cv_env_CXX_value=
ac_cv_env_F77_set=
ac_cv_env_F77_value=
ac_cv_env_FFLAGS_set=
ac_cv_env_FFLAGS_value=
ac_cv_env_LDFLAGS_set=
ac_cv_env_LDFLAGS_value=
ac_cv_env_LIBS_set=
ac_cv_env_LIBS_value=
ac_cv_env_build_alias_set=
ac_cv_env_build_alias_value=
ac_cv_env_host_alias_set=
ac_cv_env_host_alias_value=
ac_cv_env_target_alias_set=
ac_cv_env_target_alias_value=
ac_cv_f77_compiler_gnu=no
ac_cv_func_fdatasync=yes
ac_cv_func_fullfsync=no
ac_cv_func_gmtime_r=yes
ac_cv_func_localtime_r=yes
ac_cv_func_readline=yes
ac_cv_func_usleep=yes
ac_cv_header_dlfcn_h=yes
ac_cv_header_inttypes_h=yes
ac_cv_header_memory_h=yes
ac_cv_header_stdc=yes
ac_cv_header_stdint_h=yes
ac_cv_header_stdlib_h=yes
ac_cv_header_string_h=yes
ac_cv_header_strings_h=yes
ac_cv_header_sys_stat_h=yes
ac_cv_header_sys_types_h=yes
ac_cv_header_unistd_h=yes
ac_cv_host=i686-pc-linux-gnu
ac_cv_objext=o
ac_cv_path_EGREP='/bin/grep -E'
ac_cv_path_GREP=/bin/grep
ac_cv_path_install='/usr/bin/install -c'
ac_cv_prog_AWK=mawk
ac_cv_prog_CPP='gcc -E'
ac_cv_prog_CXXCPP='g++ -E'
ac_cv_prog_ac_ct_AR=ar
ac_cv_prog_ac_ct_CC=gcc
ac_cv_prog_ac_ct_CXX=g++
ac_cv_prog_ac_ct_RANLIB=ranlib
ac_cv_prog_ac_ct_STRIP=strip
ac_cv_prog_cc_c89=
ac_cv_prog_cc_g=yes
ac_cv_prog_cxx_g=yes
ac_cv_prog_f77_g=no
ac_cv_prog_make_make_set=yes
ac_cv_search_dlopen=-ldl
ac_cv_search_pthread_create=-lpthread
ac_cv_search_readline=-lreadline
ac_cv_search_tgetent=-lcurses
ac_cv_sys_file_offset_bits=64
ac_cv_sys_largefile_CC=no
am_cv_CC_dependencies_compiler_type=gcc3
am_cv_CXX_dependencies_compiler_type=gcc3
lt_cv_deplibs_check_method=pass_all
lt_cv_file_magic_cmd='$MAGIC_CMD'
lt_cv_file_magic_test_file=
lt_cv_ld_reload_flag=-r
lt_cv_objdir=.libs
lt_cv_path_LD=/usr/bin/ld
lt_cv_path_LDCXX=/usr/bin/ld
lt_cv_path_NM='/usr/bin/nm -B'
lt_cv_path_SED=/bin/sed
lt_cv_prog_compiler_c_o=yes
lt_cv_prog_compiler_c_o_CXX=yes
lt_cv_prog_compiler_rtti_exceptions=no
lt_cv_prog_gnu_ld=yes
lt_cv_prog_gnu_ldcxx=yes
lt_cv_sys_global_symbol_pipe='sed -n -e '\''s/^.*[ 	]\([ABCDGIRSTW][ABCDGIRSTW]*\)[ 	][ 	]*\([_A-Za-z][_A-Za-z0-9]*\)$/\1 \2 \2/p'\'''
lt_cv_sys_global_symbol_to_c_name_address='sed -n -e '\''s/^: \([^ ]*\) $/  {\"\1\", (lt_ptr) 0},/p'\'' -e '\''s/^[BCDEGRST] \([^ ]*\) \([^ ]*\)$/  {"\2", (lt_ptr) \&\2},/p'\'''
lt_cv_sys_global_symbol_to_cdecl='sed -n -e '\''s/^. .* \(.*\)$/extern int \1;/p'\'''
lt_cv_sys_max_cmd_len=1572864
lt_lt_cv_prog_compiler_c_o='"yes"'
lt_lt_cv_prog_compiler_c_o_CXX='"yes"'
lt_lt_cv_sys_global_symbol_pipe='"sed -n -e '\''s/^.*[ 	]\\([ABCDGIRSTW][ABCDGIRSTW]*\\)[ 	][ 	]*\\([_A-Za-z][_A-Za-z0-9]*\\)\$/\\1 \\2 \\2/p'\''"'
lt_lt_cv_sys_global_symbol_to_c_name_address='"sed -n -e '\''s/^: \\([^ ]*\\) \$/  {\\\"\\1\\\", (lt_ptr) 0},/p'\'' -e '\''s/^[BCDEGRST] \\([^ ]*\\) \\([^ ]*\\)\$/  {\"\\2\", (lt_ptr) \\&\\2},/p'\''"'
lt_lt_cv_sys_global_symbol_to_cdecl='"sed -n -e '\''s/^. .* \\(.*\\)\$/extern int \\1;/p'\''"'

## ----------------- ##
## Output variables. ##
## ----------------- ##

ACLOCAL='${SHELL} /home/vijay/Projects/spark-scheme/libs/sqlite/missing --run aclocal-1.9'
AMDEPBACKSLASH='\'
AMDEP_FALSE='#'
AMDEP_TRUE=''
AMTAR='${SHELL} /home/vijay/Projects/spark-scheme/libs/sqlite/missing --run tar'
AR='ar'
AUTOCONF='${SHELL} /home/vijay/Projects/spark-scheme/libs/sqlite/missing --run autoconf'
AUTOHEADER='${SHELL} /home/vijay/Projects/spark-scheme/libs/sqlite/missing --run autoheader'
AUTOMAKE='${SHELL} /home/vijay/Projects/spark-scheme/libs/sqlite/missing --run automake-1.9'
AWK='mawk'
CC='gcc'
CCDEPMODE='depmode=gcc3'
CFLAGS='-g -O2'
CPP='gcc -E'
CPPFLAGS=''
CXX='g++'
CXXCPP='g++ -E'
CXXDEPMODE='depmode=gcc3'
CXXFLAGS='-g -O2'
CYGPATH_W='echo'
DEFS='-DPACKAGE_NAME=\"sqlite\" -DPACKAGE_TARNAME=\"sqlite\" -DPACKAGE_VERSION=\"3.5.9\" -DPACKAGE_STRING=\"sqlite\ 3.5.9\" -DPACKAGE_BUGREPORT=\"http://www.sqlite.org\" -DPACKAGE=\"sqlite\" -DVERSION=\"3.5.9\" -D_FILE_OFFSET_BITS=64 -DSTDC_HEADERS=1 -DHAVE_SYS_TYPES_H=1 -DHAVE_SYS_STAT_H=1 -DHAVE_STDLIB_H=1 -DHAVE_STRING_H=1 -DHAVE_MEMORY_H=1 -DHAVE_STRINGS_H=1 -DHAVE_INTTYPES_H=1 -DHAVE_STDINT_H=1 -DHAVE_UNISTD_H=1 -DHAVE_DLFCN_H=1 -DHAVE_FDATASYNC=1 -DHAVE_USLEEP=1 -DHAVE_LOCALTIME_R=1 -DHAVE_GMTIME_R=1 -DHAVE_READLINE=1'
DEPDIR='.deps'
DYNAMIC_EXTENSION_FLAGS=''
ECHO='echo'
ECHO_C=''
ECHO_N='-n'
ECHO_T=''
EGREP='/bin/grep -E'
EXEEXT=''
F77=''
FFLAGS=''
GREP='/bin/grep'
INSTALL_DATA='${INSTALL} -m 644'
INSTALL_PROGRAM='${INSTALL}'
INSTALL_SCRIPT='${INSTALL}'
INSTALL_STRIP_PROGRAM='${SHELL} $(install_sh) -c -s'
LDFLAGS=''
LIBOBJS=''
LIBS='-ldl -lpthread '
LIBTOOL='$(SHELL) $(top_builddir)/libtool'
LN_S='ln -s'
LTLIBOBJS=''
MAKEINFO='${SHELL} /home/vijay/Projects/spark-scheme/libs/sqlite/missing --run makeinfo'
OBJEXT='o'
PACKAGE='sqlite'
PACKAGE_BUGREPORT='http://www.sqlite.org'
PACKAGE_NAME='sqlite'
PACKAGE_STRING='sqlite 3.5.9'
PACKAGE_TARNAME='sqlite'
PACKAGE_VERSION='3.5.9'
PATH_SEPARATOR=':'
RANLIB='ranlib'
READLINE_LIBS='-lreadline -lcurses '
SED='/bin/sed'
SET_MAKE=''
SHELL='/bin/bash'
STRIP='strip'
THREADSAFE_FLAGS='-DSQLITE_THREADSAFE=1'
VERSION='3.5.9'
ac_ct_CC='gcc'
ac_ct_CXX='g++'
ac_ct_F77=''
am__fastdepCC_FALSE='#'
am__fastdepCC_TRUE=''
am__fastdepCXX_FALSE='#'
am__fastdepCXX_TRUE=''
am__include='include'
am__leading_dot='.'
am__quote=''
am__tar='${AMTAR} chof - "$$tardir"'
am__untar='${AMTAR} xf -'
bindir='${exec_prefix}/bin'
build='i686-pc-linux-gnu'
build_alias=''
build_cpu='i686'
build_os='linux-gnu'
build_vendor='pc'
datadir='${datarootdir}'
datarootdir='${prefix}/share'
docdir='${datarootdir}/doc/${PACKAGE_TARNAME}'
dvidir='${docdir}'
exec_prefix='${prefix}'
host='i686-pc-linux-gnu'
host_alias=''
host_cpu='i686'
host_os='linux-gnu'
host_vendor='pc'
htmldir='${docdir}'
includedir='${prefix}/include'
infodir='${datarootdir}/info'
install_sh='/home/vijay/Projects/spark-scheme/libs/sqlite/install-sh'
libdir='${exec_prefix}/lib'
libexecdir='${exec_prefix}/libexec'
localedir='${datarootdir}/locale'
localstatedir='${prefix}/var'
mandir='${datarootdir}/man'
mkdir_p='mkdir -p --'
oldincludedir='/usr/include'
pdfdir='${docdir}'
prefix='/usr/local'
program_transform_name='s,x,x,'
psdir='${docdir}'
sbindir='${exec_prefix}/sbin'
sharedstatedir='${prefix}/com'
sysconfdir='${prefix}/etc'
target_alias=''

## ----------- ##
## confdefs.h. ##
## ----------- ##

#define PACKAGE_NAME "sqlite"
#define PACKAGE_TARNAME "sqlite"
#define PACKAGE_VERSION "3.5.9"
#define PACKAGE_STRING "sqlite 3.5.9"
#define PACKAGE_BUGREPORT "http://www.sqlite.org"
#define PACKAGE "sqlite"
#define VERSION "3.5.9"
#define _FILE_OFFSET_BITS 64
#define STDC_HEADERS 1
#define HAVE_SYS_TYPES_H 1
#define HAVE_SYS_STAT_H 1
#define HAVE_STDLIB_H 1
#define HAVE_STRING_H 1
#define HAVE_MEMORY_H 1
#define HAVE_STRINGS_H 1
#define HAVE_INTTYPES_H 1
#define HAVE_STDINT_H 1
#define HAVE_UNISTD_H 1
#define HAVE_DLFCN_H 1
#define HAVE_FDATASYNC 1
#define HAVE_USLEEP 1
#define HAVE_LOCALTIME_R 1
#define HAVE_GMTIME_R 1
#define HAVE_READLINE 1

configure: exit 0
