This file contains any messages produced by compilers while
running configure, to aid debugging if configure makes a mistake.

It was created by configure, which was
generated by GNU Autoconf 2.59.  Invocation command line was

  $ ./configure --prefix=/usr/local --enable-threads --enable-localjpeg --enable-localpng --enable-localzlib --cache-file=/dev/null --srcdir=.

## --------- ##
## Platform. ##
## --------- ##

hostname = silentoutrage
uname -m = i686
uname -r = 2.6.24-16-386
uname -s = Linux
uname -v = #1 Thu Apr 10 12:50:06 UTC 2008

/usr/bin/uname -p = unknown
/bin/uname -X     = unknown

/bin/arch              = unknown
/usr/bin/arch -k       = unknown
/usr/convex/getsysinfo = unknown
hostinfo               = unknown
/bin/machine           = unknown
/usr/bin/oslevel       = unknown
/bin/universe          = unknown

PATH: /usr/local/sbin
PATH: /usr/local/bin
PATH: /usr/sbin
PATH: /usr/bin
PATH: /sbin
PATH: /bin
PATH: /usr/bin/X11
PATH: /usr/games


## ----------- ##
## Core tests. ##
## ----------- ##

configure:1904: checking for gcc
configure:1920: found /usr/bin/gcc
configure:1930: result: gcc
configure:2174: checking for C compiler version
configure:2177: gcc --version </dev/null >&5
gcc (Ubuntu 4.3.2-1ubuntu12) 4.3.2
Copyright (C) 2008 Free Software Foundation, Inc.
This is free software; see the source for copying conditions.  There is NO
warranty; not even for MERCHANTABILITY or FITNESS FOR A PARTICULAR PURPOSE.

configure:2180: $? = 0
configure:2182: gcc -v </dev/null >&5
Using built-in specs.
Target: i486-linux-gnu
Configured with: ../src/configure -v --with-pkgversion='Ubuntu 4.3.2-1ubuntu12' --with-bugurl=file:///usr/share/doc/gcc-4.3/README.Bugs --enable-languages=c,c++,fortran,objc,obj-c++ --prefix=/usr --enable-shared --with-system-zlib --libexecdir=/usr/lib --without-included-gettext --enable-threads=posix --enable-nls --with-gxx-include-dir=/usr/include/c++/4.3 --program-suffix=-4.3 --enable-clocale=gnu --enable-libstdcxx-debug --enable-objc-gc --enable-mpfr --enable-targets=all --enable-checking=release --build=i486-linux-gnu --host=i486-linux-gnu --target=i486-linux-gnu
Thread model: posix
gcc version 4.3.2 (Ubuntu 4.3.2-1ubuntu12) 
configure:2185: $? = 0
configure:2187: gcc -V </dev/null >&5
gcc: '-V' option must have argument
configure:2190: $? = 1
configure:2213: checking for C compiler default output file name
configure:2216: gcc    conftest.c  >&5
configure:2219: $? = 0
configure:2265: result: a.out
configure:2270: checking whether the C compiler works
configure:2276: ./a.out
configure:2279: $? = 0
configure:2296: result: yes
configure:2303: checking whether we are cross compiling
configure:2305: result: no
configure:2308: checking for suffix of executables
configure:2310: gcc -o conftest    conftest.c  >&5
configure:2313: $? = 0
configure:2338: result: 
configure:2344: checking for suffix of object files
configure:2365: gcc -c   conftest.c >&5
configure:2368: $? = 0
configure:2390: result: o
configure:2394: checking whether we are using the GNU C compiler
configure:2418: gcc -c   conftest.c >&5
configure:2424: $? = 0
configure:2428: test -z 
			 || test ! -s conftest.err
configure:2431: $? = 0
configure:2434: test -s conftest.o
configure:2437: $? = 0
configure:2450: result: yes
configure:2456: checking whether gcc accepts -g
configure:2477: gcc -c -g  conftest.c >&5
configure:2483: $? = 0
configure:2487: test -z 
			 || test ! -s conftest.err
configure:2490: $? = 0
configure:2493: test -s conftest.o
configure:2496: $? = 0
configure:2507: result: yes
configure:2524: checking for gcc option to accept ANSI C
configure:2594: gcc  -c -g -O2  conftest.c >&5
configure:2600: $? = 0
configure:2604: test -z 
			 || test ! -s conftest.err
configure:2607: $? = 0
configure:2610: test -s conftest.o
configure:2613: $? = 0
configure:2631: result: none needed
configure:2649: gcc -c -g -O2  conftest.c >&5
conftest.c:2: error: expected '=', ',', ';', 'asm' or '__attribute__' before 'me'
configure:2655: $? = 1
configure: failed program was:
| #ifndef __cplusplus
|   choke me
| #endif
configure:2793: checking how to run the C preprocessor
configure:2828: gcc -E  conftest.c
configure:2834: $? = 0
configure:2866: gcc -E  conftest.c
conftest.c:9:28: error: ac_nonexistent.h: No such file or directory
configure:2872: $? = 1
configure: failed program was:
| /* confdefs.h.  */
| 
| #define PACKAGE_NAME ""
| #define PACKAGE_TARNAME ""
| #define PACKAGE_VERSION ""
| #define PACKAGE_STRING ""
| #define PACKAGE_BUGREPORT ""
| /* end confdefs.h.  */
| #include <ac_nonexistent.h>
configure:2911: result: gcc -E
configure:2935: gcc -E  conftest.c
configure:2941: $? = 0
configure:2973: gcc -E  conftest.c
conftest.c:9:28: error: ac_nonexistent.h: No such file or directory
configure:2979: $? = 1
configure: failed program was:
| /* confdefs.h.  */
| 
| #define PACKAGE_NAME ""
| #define PACKAGE_TARNAME ""
| #define PACKAGE_VERSION ""
| #define PACKAGE_STRING ""
| #define PACKAGE_BUGREPORT ""
| /* end confdefs.h.  */
| #include <ac_nonexistent.h>
configure:3074: checking for g++
configure:3090: found /usr/bin/g++
configure:3100: result: g++
configure:3116: checking for C++ compiler version
configure:3119: g++ --version </dev/null >&5
g++ (Ubuntu 4.3.2-1ubuntu12) 4.3.2
Copyright (C) 2008 Free Software Foundation, Inc.
This is free software; see the source for copying conditions.  There is NO
warranty; not even for MERCHANTABILITY or FITNESS FOR A PARTICULAR PURPOSE.

configure:3122: $? = 0
configure:3124: g++ -v </dev/null >&5
Using built-in specs.
Target: i486-linux-gnu
Configured with: ../src/configure -v --with-pkgversion='Ubuntu 4.3.2-1ubuntu12' --with-bugurl=file:///usr/share/doc/gcc-4.3/README.Bugs --enable-languages=c,c++,fortran,objc,obj-c++ --prefix=/usr --enable-shared --with-system-zlib --libexecdir=/usr/lib --without-included-gettext --enable-threads=posix --enable-nls --with-gxx-include-dir=/usr/include/c++/4.3 --program-suffix=-4.3 --enable-clocale=gnu --enable-libstdcxx-debug --enable-objc-gc --enable-mpfr --enable-targets=all --enable-checking=release --build=i486-linux-gnu --host=i486-linux-gnu --target=i486-linux-gnu
Thread model: posix
gcc version 4.3.2 (Ubuntu 4.3.2-1ubuntu12) 
configure:3127: $? = 0
configure:3129: g++ -V </dev/null >&5
g++: '-V' option must have argument
configure:3132: $? = 1
configure:3135: checking whether we are using the GNU C++ compiler
configure:3159: g++ -c   conftest.cc >&5
configure:3165: $? = 0
configure:3169: test -z 
			 || test ! -s conftest.err
configure:3172: $? = 0
configure:3175: test -s conftest.o
configure:3178: $? = 0
configure:3191: result: yes
configure:3197: checking whether g++ accepts -g
configure:3218: g++ -c -g  conftest.cc >&5
configure:3224: $? = 0
configure:3228: test -z 
			 || test ! -s conftest.err
configure:3231: $? = 0
configure:3234: test -s conftest.o
configure:3237: $? = 0
configure:3248: result: yes
configure:3290: g++ -c -g -O2  conftest.cc >&5
configure:3296: $? = 0
configure:3300: test -z 
			 || test ! -s conftest.err
configure:3303: $? = 0
configure:3306: test -s conftest.o
configure:3309: $? = 0
configure:3335: g++ -c -g -O2  conftest.cc >&5
conftest.cc: In function 'int main()':
conftest.cc:13: error: 'exit' was not declared in this scope
configure:3341: $? = 1
configure: failed program was:
| /* confdefs.h.  */
| 
| #define PACKAGE_NAME ""
| #define PACKAGE_TARNAME ""
| #define PACKAGE_VERSION ""
| #define PACKAGE_STRING ""
| #define PACKAGE_BUGREPORT ""
| /* end confdefs.h.  */
| 
| int
| main ()
| {
| exit (42);
|   ;
|   return 0;
| }
configure:3290: g++ -c -g -O2  conftest.cc >&5
conftest.cc:9: error: 'void std::exit(int)' should have been declared inside 'std'
configure:3296: $? = 1
configure: failed program was:
| /* confdefs.h.  */
| 
| #define PACKAGE_NAME ""
| #define PACKAGE_TARNAME ""
| #define PACKAGE_VERSION ""
| #define PACKAGE_STRING ""
| #define PACKAGE_BUGREPORT ""
| /* end confdefs.h.  */
| extern "C" void std::exit (int) throw (); using std::exit;
| #include <stdlib.h>
| int
| main ()
| {
| exit (42);
|   ;
|   return 0;
| }
configure:3290: g++ -c -g -O2  conftest.cc >&5
conftest.cc:9: error: 'void std::exit(int)' should have been declared inside 'std'
In file included from conftest.cc:10:
/usr/include/stdlib.h:531: error: declaration of 'void std::exit(int) throw ()' throws different exceptions
conftest.cc:9: error: from previous declaration 'void std::exit(int)'
configure:3296: $? = 1
configure: failed program was:
| /* confdefs.h.  */
| 
| #define PACKAGE_NAME ""
| #define PACKAGE_TARNAME ""
| #define PACKAGE_VERSION ""
| #define PACKAGE_STRING ""
| #define PACKAGE_BUGREPORT ""
| /* end confdefs.h.  */
| extern "C" void std::exit (int); using std::exit;
| #include <stdlib.h>
| int
| main ()
| {
| exit (42);
|   ;
|   return 0;
| }
configure:3290: g++ -c -g -O2  conftest.cc >&5
configure:3296: $? = 0
configure:3300: test -z 
			 || test ! -s conftest.err
configure:3303: $? = 0
configure:3306: test -s conftest.o
configure:3309: $? = 0
configure:3335: g++ -c -g -O2  conftest.cc >&5
configure:3341: $? = 0
configure:3345: test -z 
			 || test ! -s conftest.err
configure:3348: $? = 0
configure:3351: test -s conftest.o
configure:3354: $? = 0
configure:3382: checking how to run the C++ preprocessor
configure:3413: g++ -E  conftest.cc
configure:3419: $? = 0
configure:3451: g++ -E  conftest.cc
conftest.cc:12:28: error: ac_nonexistent.h: No such file or directory
configure:3457: $? = 1
configure: failed program was:
| /* confdefs.h.  */
| 
| #define PACKAGE_NAME ""
| #define PACKAGE_TARNAME ""
| #define PACKAGE_VERSION ""
| #define PACKAGE_STRING ""
| #define PACKAGE_BUGREPORT ""
| #ifdef __cplusplus
| extern "C" void exit (int) throw ();
| #endif
| /* end confdefs.h.  */
| #include <ac_nonexistent.h>
configure:3496: result: g++ -E
configure:3520: g++ -E  conftest.cc
configure:3526: $? = 0
configure:3558: g++ -E  conftest.cc
conftest.cc:12:28: error: ac_nonexistent.h: No such file or directory
configure:3564: $? = 1
configure: failed program was:
| /* confdefs.h.  */
| 
| #define PACKAGE_NAME ""
| #define PACKAGE_TARNAME ""
| #define PACKAGE_VERSION ""
| #define PACKAGE_STRING ""
| #define PACKAGE_BUGREPORT ""
| #ifdef __cplusplus
| extern "C" void exit (int) throw ();
| #endif
| /* end confdefs.h.  */
| #include <ac_nonexistent.h>
configure:3655: checking for ranlib
configure:3671: found /usr/bin/ranlib
configure:3682: result: ranlib
configure:5168: checking for cos in -lm
configure:5198: gcc -o conftest -g -O2   conftest.c -lm   >&5
conftest.c:19: warning: conflicting types for built-in function 'cos'
configure:5204: $? = 0
configure:5208: test -z 
			 || test ! -s conftest.err
configure:5211: $? = 0
configure:5214: test -s conftest
configure:5217: $? = 0
configure:5230: result: yes
configure:5242: checking for dlopen in -ldl
configure:5272: gcc -o conftest -g -O2   conftest.c -ldl  -lm  >&5
configure:5278: $? = 0
configure:5282: test -z 
			 || test ! -s conftest.err
configure:5285: $? = 0
configure:5288: test -s conftest
configure:5291: $? = 0
configure:5304: result: yes
configure:5562: checking for inline keyword
configure:5579: gcc -o conftest -g -O2   conftest.c -ldl -lm  -rdynamic >&5
configure:5582: $? = 0
configure:5584: ./conftest
configure:5587: $? = 0
configure:5603: result: yes
configure:5606: checking for nl_langinfo (CODESET)
configure:5624: gcc -o conftest -g -O2   conftest.c -ldl -lm  -rdynamic >&5
configure:5630: $? = 0
configure:5634: test -z 
			 || test ! -s conftest.err
configure:5637: $? = 0
configure:5640: test -s conftest
configure:5643: $? = 0
configure:5659: result: yes
configure:5662: checking for getaddrinfo
configure:5682: gcc -o conftest -g -O2   conftest.c -ldl -lm  -rdynamic >&5
conftest.c: In function 'main':
conftest.c:21: error: 'NULL' undeclared (first use in this function)
conftest.c:21: error: (Each undeclared identifier is reported only once
conftest.c:21: error: for each function it appears in.)
configure:5688: $? = 1
configure: failed program was:
| /* confdefs.h.  */
| 
| #define PACKAGE_NAME ""
| #define PACKAGE_TARNAME ""
| #define PACKAGE_VERSION ""
| #define PACKAGE_STRING ""
| #define PACKAGE_BUGREPORT ""
| #ifdef __cplusplus
| extern "C" void exit (int) throw ();
| #endif
| #define HAVE_LIBM 1
| #define HAVE_LIBDL 1
| #define HAVE_CODESET 1
| /* end confdefs.h.  */
| #include <sys/types.h>
| #include <sys/socket.h>
| #include <netdb.h>
| int
| main ()
| {
| getaddrinfo(NULL, NULL, NULL, NULL);
|   ;
|   return 0;
| }
configure:5717: result: no
configure:5722: checking for egrep
configure:5732: result: grep -E
configure:5737: checking for ANSI C header files
configure:5762: gcc -c -g -O2  conftest.c >&5
configure:5768: $? = 0
configure:5772: test -z 
			 || test ! -s conftest.err
configure:5775: $? = 0
configure:5778: test -s conftest.o
configure:5781: $? = 0
configure:5870: gcc -o conftest -g -O2   conftest.c -ldl -lm  -rdynamic >&5
conftest.c: In function 'main':
conftest.c:32: warning: incompatible implicit declaration of built-in function 'exit'
configure:5873: $? = 0
configure:5875: ./conftest
configure:5878: $? = 0
configure:5893: result: yes
configure:5917: checking for sys/types.h
configure:5933: gcc -c -g -O2  conftest.c >&5
configure:5939: $? = 0
configure:5943: test -z 
			 || test ! -s conftest.err
configure:5946: $? = 0
configure:5949: test -s conftest.o
configure:5952: $? = 0
configure:5963: result: yes
configure:5917: checking for sys/stat.h
configure:5933: gcc -c -g -O2  conftest.c >&5
configure:5939: $? = 0
configure:5943: test -z 
			 || test ! -s conftest.err
configure:5946: $? = 0
configure:5949: test -s conftest.o
configure:5952: $? = 0
configure:5963: result: yes
configure:5917: checking for stdlib.h
configure:5933: gcc -c -g -O2  conftest.c >&5
configure:5939: $? = 0
configure:5943: test -z 
			 || test ! -s conftest.err
configure:5946: $? = 0
configure:5949: test -s conftest.o
configure:5952: $? = 0
configure:5963: result: yes
configure:5917: checking for string.h
configure:5933: gcc -c -g -O2  conftest.c >&5
configure:5939: $? = 0
configure:5943: test -z 
			 || test ! -s conftest.err
configure:5946: $? = 0
configure:5949: test -s conftest.o
configure:5952: $? = 0
configure:5963: result: yes
configure:5917: checking for memory.h
configure:5933: gcc -c -g -O2  conftest.c >&5
configure:5939: $? = 0
configure:5943: test -z 
			 || test ! -s conftest.err
configure:5946: $? = 0
configure:5949: test -s conftest.o
configure:5952: $? = 0
configure:5963: result: yes
configure:5917: checking for strings.h
configure:5933: gcc -c -g -O2  conftest.c >&5
configure:5939: $? = 0
configure:5943: test -z 
			 || test ! -s conftest.err
configure:5946: $? = 0
configure:5949: test -s conftest.o
configure:5952: $? = 0
configure:5963: result: yes
configure:5917: checking for inttypes.h
configure:5933: gcc -c -g -O2  conftest.c >&5
configure:5939: $? = 0
configure:5943: test -z 
			 || test ! -s conftest.err
configure:5946: $? = 0
configure:5949: test -s conftest.o
configure:5952: $? = 0
configure:5963: result: yes
configure:5917: checking for stdint.h
configure:5933: gcc -c -g -O2  conftest.c >&5
configure:5939: $? = 0
configure:5943: test -z 
			 || test ! -s conftest.err
configure:5946: $? = 0
configure:5949: test -s conftest.o
configure:5952: $? = 0
configure:5963: result: yes
configure:5917: checking for unistd.h
configure:5933: gcc -c -g -O2  conftest.c >&5
configure:5939: $? = 0
configure:5943: test -z 
			 || test ! -s conftest.err
configure:5946: $? = 0
configure:5949: test -s conftest.o
configure:5952: $? = 0
configure:5963: result: yes
configure:5985: checking iconv.h usability
configure:5997: gcc -c -g -O2  conftest.c >&5
configure:6003: $? = 0
configure:6007: test -z 
			 || test ! -s conftest.err
configure:6010: $? = 0
configure:6013: test -s conftest.o
configure:6016: $? = 0
configure:6026: result: yes
configure:6030: checking iconv.h presence
configure:6040: gcc -E  conftest.c
configure:6046: $? = 0
configure:6066: result: yes
configure:6101: checking for iconv.h
configure:6108: result: yes
configure:6138: gcc -o conftest -g -O2   conftest.c -ldl -lm  -rdynamic >&5
configure:6141: $? = 0
configure:6143: ./conftest
configure:6146: $? = 0
configure:6211: checking iconv is usable
configure:6214: result: yes
configure:6221: checking for mbsrtowcs
configure:6241: gcc -o conftest -g -O2   conftest.c -ldl -lm  -rdynamic >&5
conftest.c: In function 'main':
conftest.c:29: warning: passing argument 2 of 'mbsrtowcs' from incompatible pointer type
configure:6244: $? = 0
configure:6246: ./conftest
configure:6249: $? = 0
configure:6265: result: yes
configure:6288: checking for char
configure:6312: gcc -c -g -O2  conftest.c >&5
configure:6318: $? = 0
configure:6322: test -z 
			 || test ! -s conftest.err
configure:6325: $? = 0
configure:6328: test -s conftest.o
configure:6331: $? = 0
configure:6342: result: yes
configure:6345: checking size of char
configure:6664: gcc -o conftest -g -O2   conftest.c -ldl -lm  -rdynamic >&5
configure:6667: $? = 0
configure:6669: ./conftest
configure:6672: $? = 0
configure:6695: result: 1
configure:6702: checking for short
configure:6726: gcc -c -g -O2  conftest.c >&5
configure:6732: $? = 0
configure:6736: test -z 
			 || test ! -s conftest.err
configure:6739: $? = 0
configure:6742: test -s conftest.o
configure:6745: $? = 0
configure:6756: result: yes
configure:6759: checking size of short
configure:7078: gcc -o conftest -g -O2   conftest.c -ldl -lm  -rdynamic >&5
configure:7081: $? = 0
configure:7083: ./conftest
configure:7086: $? = 0
configure:7109: result: 2
configure:7116: checking for int
configure:7140: gcc -c -g -O2  conftest.c >&5
configure:7146: $? = 0
configure:7150: test -z 
			 || test ! -s conftest.err
configure:7153: $? = 0
configure:7156: test -s conftest.o
configure:7159: $? = 0
configure:7170: result: yes
configure:7173: checking size of int
configure:7492: gcc -o conftest -g -O2   conftest.c -ldl -lm  -rdynamic >&5
configure:7495: $? = 0
configure:7497: ./conftest
configure:7500: $? = 0
configure:7523: result: 4
configure:7530: checking for long
configure:7554: gcc -c -g -O2  conftest.c >&5
configure:7560: $? = 0
configure:7564: test -z 
			 || test ! -s conftest.err
configure:7567: $? = 0
configure:7570: test -s conftest.o
configure:7573: $? = 0
configure:7584: result: yes
configure:7587: checking size of long
configure:7906: gcc -o conftest -g -O2   conftest.c -ldl -lm  -rdynamic >&5
configure:7909: $? = 0
configure:7911: ./conftest
configure:7914: $? = 0
configure:7937: result: 4
configure:7944: checking for long long
configure:7968: gcc -c -g -O2  conftest.c >&5
configure:7974: $? = 0
configure:7978: test -z 
			 || test ! -s conftest.err
configure:7981: $? = 0
configure:7984: test -s conftest.o
configure:7987: $? = 0
configure:7998: result: yes
configure:8001: checking size of long long
configure:8320: gcc -o conftest -g -O2   conftest.c -ldl -lm  -rdynamic >&5
configure:8323: $? = 0
configure:8325: ./conftest
configure:8328: $? = 0
configure:8351: result: 8
configure:8360: checking for stack direction
configure:8384: gcc -o conftest -g -O2   conftest.c -ldl -lm  -rdynamic >&5
configure:8387: $? = 0
configure:8389: ./conftest
configure:8392: $? = 1
configure: program exited with status 1
configure: failed program was:
| /* confdefs.h.  */
| 
| #define PACKAGE_NAME ""
| #define PACKAGE_TARNAME ""
| #define PACKAGE_VERSION ""
| #define PACKAGE_STRING ""
| #define PACKAGE_BUGREPORT ""
| #ifdef __cplusplus
| extern "C" void exit (int) throw ();
| #endif
| #define HAVE_LIBM 1
| #define HAVE_LIBDL 1
| #define HAVE_CODESET 1
| #define STDC_HEADERS 1
| #define HAVE_SYS_TYPES_H 1
| #define HAVE_SYS_STAT_H 1
| #define HAVE_STDLIB_H 1
| #define HAVE_STRING_H 1
| #define HAVE_MEMORY_H 1
| #define HAVE_STRINGS_H 1
| #define HAVE_INTTYPES_H 1
| #define HAVE_STDINT_H 1
| #define HAVE_UNISTD_H 1
| #define SIZEOF_CHAR 1
| #define SIZEOF_SHORT 2
| #define SIZEOF_INT 4
| #define SIZEOF_LONG 4
| #define SIZEOF_LONG_LONG 8
| /* end confdefs.h.  */
| int grows_down_p(int n, void *cmp) {
|      if (!cmp)
|        return grows_down_p(10, &cmp);
|      else if (!n)
|        return ((unsigned long)&cmp < (unsigned long)cmp);
|      else
|        return grows_down_p(n - 1, cmp);
|    }
|    int main() {
|       return grows_down_p(0, 0);
|    }
configure:8405: result: down
configure:8431: checking whether byte ordering is bigendian
configure:8458: gcc -c -g -O2  conftest.c >&5
configure:8464: $? = 0
configure:8468: test -z 
			 || test ! -s conftest.err
configure:8471: $? = 0
configure:8474: test -s conftest.o
configure:8477: $? = 0
configure:8501: gcc -c -g -O2  conftest.c >&5
conftest.c: In function 'main':
conftest.c:38: error: 'not' undeclared (first use in this function)
conftest.c:38: error: (Each undeclared identifier is reported only once
conftest.c:38: error: for each function it appears in.)
conftest.c:38: error: expected ';' before 'big'
configure:8507: $? = 1
configure: failed program was:
| /* confdefs.h.  */
| 
| #define PACKAGE_NAME ""
| #define PACKAGE_TARNAME ""
| #define PACKAGE_VERSION ""
| #define PACKAGE_STRING ""
| #define PACKAGE_BUGREPORT ""
| #ifdef __cplusplus
| extern "C" void exit (int) throw ();
| #endif
| #define HAVE_LIBM 1
| #define HAVE_LIBDL 1
| #define HAVE_CODESET 1
| #define STDC_HEADERS 1
| #define HAVE_SYS_TYPES_H 1
| #define HAVE_SYS_STAT_H 1
| #define HAVE_STDLIB_H 1
| #define HAVE_STRING_H 1
| #define HAVE_MEMORY_H 1
| #define HAVE_STRINGS_H 1
| #define HAVE_INTTYPES_H 1
| #define HAVE_STDINT_H 1
| #define HAVE_UNISTD_H 1
| #define SIZEOF_CHAR 1
| #define SIZEOF_SHORT 2
| #define SIZEOF_INT 4
| #define SIZEOF_LONG 4
| #define SIZEOF_LONG_LONG 8
| #define STACK_DIRECTION -1
| /* end confdefs.h.  */
| #include <sys/types.h>
| #include <sys/param.h>
| 
| int
| main ()
| {
| #if BYTE_ORDER != BIG_ENDIAN
|  not big endian
| #endif
| 
|   ;
|   return 0;
| }
configure:8642: result: no
configure:11593: creating ./config.status

## ---------------------- ##
## Running config.status. ##
## ---------------------- ##

This file was extended by config.status, which was
generated by GNU Autoconf 2.59.  Invocation command line was

  CONFIG_FILES    = 
  CONFIG_HEADERS  = 
  CONFIG_LINKS    = 
  CONFIG_COMMANDS = 
  $ ./config.status 

on silentoutrage

config.status:732: creating Makefile
config.status:732: creating mzscheme/Makefile
config.status:732: creating mzscheme/src/Makefile
config.status:732: creating mzscheme/dynsrc/Makefile
config.status:732: creating mzscheme/gc/Makefile
config.status:732: creating mzscheme/sgc/Makefile
config.status:732: creating mzscheme/gc2/Makefile
config.status:732: creating foreign/Makefile
config.status:835: creating mzscheme/mzconfig.h
config.status:955: mzscheme/mzconfig.h is unchanged
configure:12738: configuring in foreign/gcc/libffi
configure:12855: running /bin/bash './configure' --prefix=/usr/local  '--prefix=/usr/local' '--enable-threads' '--enable-localjpeg' '--enable-localpng' '--enable-localzlib' '--cache-file=/dev/null' '--srcdir=.' --disable-multilib --cache-file=/dev/null --srcdir=.

## ---------------- ##
## Cache variables. ##
## ---------------- ##

ac_cv_c_bigendian=no
ac_cv_c_compiler_gnu=yes
ac_cv_cxx_compiler_gnu=yes
ac_cv_env_CC_set=
ac_cv_env_CC_value=
ac_cv_env_CFLAGS_set=
ac_cv_env_CFLAGS_value=
ac_cv_env_CPPFLAGS_set=
ac_cv_env_CPPFLAGS_value=
ac_cv_env_CPP_set=
ac_cv_env_CPP_value=
ac_cv_env_CXXCPP_set=
ac_cv_env_CXXCPP_value=
ac_cv_env_CXXFLAGS_set=
ac_cv_env_CXXFLAGS_value=
ac_cv_env_CXX_set=
ac_cv_env_CXX_value=
ac_cv_env_LDFLAGS_set=
ac_cv_env_LDFLAGS_value=
ac_cv_env_build_alias_set=
ac_cv_env_build_alias_value=
ac_cv_env_host_alias_set=
ac_cv_env_host_alias_value=
ac_cv_env_target_alias_set=
ac_cv_env_target_alias_value=
ac_cv_exeext=
ac_cv_header_iconv_h=yes
ac_cv_header_inttypes_h=yes
ac_cv_header_memory_h=yes
ac_cv_header_stdc=yes
ac_cv_header_stdint_h=yes
ac_cv_header_stdlib_h=yes
ac_cv_header_string_h=yes
ac_cv_header_strings_h=yes
ac_cv_header_sys_stat_h=yes
ac_cv_header_sys_types_h=yes
ac_cv_header_unistd_h=yes
ac_cv_lib_dl_dlopen=yes
ac_cv_lib_m_cos=yes
ac_cv_objext=o
ac_cv_prog_CPP='gcc -E'
ac_cv_prog_CXXCPP='g++ -E'
ac_cv_prog_ac_ct_CC=gcc
ac_cv_prog_ac_ct_CXX=g++
ac_cv_prog_ac_ct_RANLIB=ranlib
ac_cv_prog_cc_g=yes
ac_cv_prog_cc_stdc=
ac_cv_prog_cxx_g=yes
ac_cv_prog_egrep='grep -E'
ac_cv_sizeof_char=1
ac_cv_sizeof_int=4
ac_cv_sizeof_long=4
ac_cv_sizeof_long_long=8
ac_cv_sizeof_short=2
ac_cv_type_char=yes
ac_cv_type_int=yes
ac_cv_type_long=yes
ac_cv_type_long_long=yes
ac_cv_type_short=yes

## ----------------- ##
## Output variables. ##
## ----------------- ##

AR='ar'
ARFLAGS='ruv'
AS='as'
CC='gcc'
CC_FOR_BUILD='gcc'
CFLAGS='-g -O2'
CGC='cgc'
CGCOPTIONS=''
CGC_CAP_INSTALLED='CGC'
CGC_INSTALLED='cgc'
COLLECTS_PATH='${collectsdir}'
COMPFLAGS=' -Wall'
CPP='gcc -E'
CPPFLAGS=''
CXX='g++'
CXXCPP='g++ -E'
CXXFLAGS='-g -O2'
DEFS='-DHAVE_CONFIG_H'
DYN_CFLAGS='-fPIC'
ECHO_C=''
ECHO_N='-n'
ECHO_T=''
EGREP='grep -E'
EXEEXT=''
EXE_SUFFIX=''
EXTRA_GMP_OBJ=''
EXTRA_OSK_LIBS=''
FOREIGNTARGET='foreign-stuff'
FOREIGN_CONVENIENCE=''
FOREIGN_LIB_IF_USED='$(FOREIGN_OBJ) $(FOREIGN_LIB)'
FOREIGN_OBJSLIB='$(FOREIGN_OBJS)'
FOREIGN_OBJSLIB_IF_USED='$(FOREIGN_OBJSLIB)'
FRAMEWORK_INSTALL_DIR=''
FRAMEWORK_REL_INSTALL=''
GC2OPTIONS=' -DNEWGC_BTC_ACCOUNT'
GCDIR='gc'
ICP='cp'
INCLUDEDEP='-include'
INSTALL_ORIG_TREE='no'
JPEG_A='$(JPEG_A)'
JPEG_INC='$(JPEG_INC)'
LDFLAGS=''
LIBFINISH='echo'
LIBMRED_DEP=''
LIBMZSCHEME_DEP=''
LIBOBJS=''
LIBS='-ldl -lm  -rdynamic '
LIBSFX='a'
LLVMTARGET='llvm-nothing'
LTA='a'
LTLIBOBJS=''
LTO='o'
MAIN_VARIANT='3m'
MAKE_COPYTREE='copytree'
MAKE_FINISH=''
MAKE_MRED='no'
MAKE_WBUILD=''
MMM='3m'
MMM_CAP_INSTALLED=''
MMM_INSTALLED=''
MREDLINKER='g++'
MRLIBINSTALL='install-no-lib'
MROPTIONS=''
MZBINTARGET='normal-bin'
MZINSTALLTARGET='unix-install'
MZLINKER='gcc'
MZOPTIONS=''
NOT_OSX=''
OBJEXT='o'
OPTIONS=''
OSKHOME=''
OSX='.osx'
PACKAGE_BUGREPORT=''
PACKAGE_NAME=''
PACKAGE_STRING=''
PACKAGE_TARNAME=''
PACKAGE_VERSION=''
PATH_SEPARATOR=':'
PERL=''
PLAIN_CC='gcc'
PNG_A='$(PNG_A)'
PREFLAGS=''
PROFFLAGS=''
RANLIB='ranlib'
REZ='/Developer/Tools/Rez'
SED=''
SHELL='/bin/bash'
STATIC_AR='ar'
USE_WXPRECOMP=''
WBUILD='sh $(PLTSRCDIR)/wxxt/src/XWidgets/dummy.wbuild'
WXLIBS='WXLIBSNORM'
WXPRECOMP=''
WXVARIANT='wx_xt'
WX_MMD_FLAG='-MMD'
X_CFLAGS=''
X_EXTRA_LIBS=''
X_LIBS=''
X_PRE_LIBS=''
ZLIB_A='$(ZLIB_A)'
ZLIB_INC='$(ZLIB_INC)'
ac_ct_CC='gcc'
ac_ct_CXX='g++'
ac_ct_RANLIB='ranlib'
bindir='${exec_prefix}/bin'
build_alias=''
collectsdir='${exec_prefix}/lib/plt/collects'
datadir='${prefix}/share'
docdir='${prefix}/share/plt/doc'
exec_prefix='${prefix}'
host_alias=''
includedir='${prefix}/include'
includepltdir='${prefix}/include/plt'
infodir='${prefix}/info'
libdir='${exec_prefix}/lib'
libexecdir='${exec_prefix}/libexec'
libpltdir='${exec_prefix}/lib/plt'
localstatedir='${prefix}/var'
mandir='${prefix}/man'
oldincludedir='/usr/include'
prefix='/usr/local'
program_transform_name='s,x,x,'
sbindir='${exec_prefix}/sbin'
sharedstatedir='${prefix}/com'
subdirs=' foreign/gcc/libffi '
sysconfdir='${prefix}/etc'
target_alias=''
x_includes='NONE'
x_libraries='NONE'

## ----------- ##
## confdefs.h. ##
## ----------- ##

#define HAVE_CODESET 1
#define HAVE_INTTYPES_H 1
#define HAVE_LIBDL 1
#define HAVE_LIBM 1
#define HAVE_MEMORY_H 1
#define HAVE_STDINT_H 1
#define HAVE_STDLIB_H 1
#define HAVE_STRINGS_H 1
#define HAVE_STRING_H 1
#define HAVE_SYS_STAT_H 1
#define HAVE_SYS_TYPES_H 1
#define HAVE_UNISTD_H 1
#define PACKAGE_BUGREPORT ""
#define PACKAGE_NAME ""
#define PACKAGE_STRING ""
#define PACKAGE_TARNAME ""
#define PACKAGE_VERSION ""
#define SIZEOF_CHAR 1
#define SIZEOF_INT 4
#define SIZEOF_LONG 4
#define SIZEOF_LONG_LONG 8
#define SIZEOF_SHORT 2
#define STACK_DIRECTION -1
#define STDC_HEADERS 1
#endif
#ifdef __cplusplus
extern "C" void exit (int) throw ();

configure: exit 0
